# JRE version: Java(TM) SE Runtime Environment (8.0_65-b17) (build 1.8.0_65-b17)
# Java VM: Java HotSpot(TM) 64-Bit Server VM (25.65-b01 mixed mode windows-amd64 compressed oops)
Heap:
 PSYoungGen      total 104960K, used 101618K [0x0000000781900000, 0x000000078bd80000, 0x00000007c0000000)
  eden space 97280K, 96% used [0x0000000781900000,0x00000007874c0378,0x0000000787800000)
  from space 7680K, 99% used [0x0000000787800000,0x0000000787f7c7b8,0x0000000787f80000)
  to   space 9216K, 0% used [0x000000078b480000,0x000000078b480000,0x000000078bd80000)
 ParOldGen       total 77312K, used 7354K [0x0000000704a00000, 0x0000000709580000, 0x0000000781900000)
  object space 77312K, 9% used [0x0000000704a00000,0x000000070512eb50,0x0000000709580000)
 Metaspace       used 32900K, capacity 35030K, committed 35248K, reserved 1079296K
  class space    used 4312K, capacity 4727K, committed 4784K, reserved 1048576K
GC Heap History (10 events):
Event: 8.200 GC heap before
{Heap before GC invocations=2 (full 0):
 PSYoungGen      total 56320K, used 53456K [0x0000000781900000, 0x0000000785780000, 0x00000007c0000000)
  eden space 48640K, 100% used [0x0000000781900000,0x0000000784880000,0x0000000784880000)
  from space 7680K, 62% used [0x0000000784880000,0x0000000784d34010,0x0000000785000000)
  to   space 7680K, 0% used [0x0000000785000000,0x0000000785000000,0x0000000785780000)
 ParOldGen       total 128512K, used 16K [0x0000000704a00000, 0x000000070c780000, 0x0000000781900000)
  object space 128512K, 0% used [0x0000000704a00000,0x0000000704a04000,0x000000070c780000)
 Metaspace       used 15949K, capacity 16616K, committed 16768K, reserved 1064960K
  class space    used 1994K, capacity 2160K, committed 2176K, reserved 1048576K
Event: 8.222 GC heap after
Heap after GC invocations=2 (full 0):
 PSYoungGen      total 56320K, used 6446K [0x0000000781900000, 0x0000000785780000, 0x00000007c0000000)
  eden space 48640K, 0% used [0x0000000781900000,0x0000000781900000,0x0000000784880000)
  from space 7680K, 83% used [0x0000000785000000,0x000000078564ba00,0x0000000785780000)
  to   space 7680K, 0% used [0x0000000784880000,0x0000000784880000,0x0000000785000000)
 ParOldGen       total 128512K, used 24K [0x0000000704a00000, 0x000000070c780000, 0x0000000781900000)
  object space 128512K, 0% used [0x0000000704a00000,0x0000000704a06000,0x000000070c780000)
 Metaspace       used 15949K, capacity 16616K, committed 16768K, reserved 1064960K
  class space    used 1994K, capacity 2160K, committed 2176K, reserved 1048576K
}
Event: 9.097 GC heap before
{Heap before GC invocations=3 (full 0):
 PSYoungGen      total 56320K, used 55086K [0x0000000781900000, 0x0000000785780000, 0x00000007c0000000)
  eden space 48640K, 100% used [0x0000000781900000,0x0000000784880000,0x0000000784880000)
  from space 7680K, 83% used [0x0000000785000000,0x000000078564ba00,0x0000000785780000)
  to   space 7680K, 0% used [0x0000000784880000,0x0000000784880000,0x0000000785000000)
 ParOldGen       total 128512K, used 24K [0x0000000704a00000, 0x000000070c780000, 0x0000000781900000)
  object space 128512K, 0% used [0x0000000704a00000,0x0000000704a06000,0x000000070c780000)
 Metaspace       used 19073K, capacity 19786K, committed 20096K, reserved 1067008K
  class space    used 2412K, capacity 2615K, committed 2688K, reserved 1048576K
Event: 9.121 GC heap after
Heap after GC invocations=3 (full 0):
 PSYoungGen      total 56320K, used 7291K [0x0000000781900000, 0x0000000788700000, 0x00000007c0000000)
  eden space 48640K, 0% used [0x0000000781900000,0x0000000781900000,0x0000000784880000)
  from space 7680K, 94% used [0x0000000784880000,0x0000000784f9eda8,0x0000000785000000)
  to   space 7680K, 0% used [0x0000000787f80000,0x0000000787f80000,0x0000000788700000)
 ParOldGen       total 128512K, used 32K [0x0000000704a00000, 0x000000070c780000, 0x0000000781900000)
  object space 128512K, 0% used [0x0000000704a00000,0x0000000704a08000,0x000000070c780000)
 Metaspace       used 19073K, capacity 19786K, committed 20096K, reserved 1067008K
  class space    used 2412K, capacity 2615K, committed 2688K, reserved 1048576K
}
Event: 10.310 GC heap before
{Heap before GC invocations=4 (full 0):
 PSYoungGen      total 56320K, used 39023K [0x0000000781900000, 0x0000000788700000, 0x00000007c0000000)
  eden space 48640K, 65% used [0x0000000781900000,0x00000007837fd080,0x0000000784880000)
  from space 7680K, 94% used [0x0000000784880000,0x0000000784f9eda8,0x0000000785000000)
  to   space 7680K, 0% used [0x0000000787f80000,0x0000000787f80000,0x0000000788700000)
 ParOldGen       total 128512K, used 32K [0x0000000704a00000, 0x000000070c780000, 0x0000000781900000)
  object space 128512K, 0% used [0x0000000704a00000,0x0000000704a08000,0x000000070c780000)
 Metaspace       used 20329K, capacity 21248K, committed 21296K, reserved 1067008K
  class space    used 2620K, capacity 2862K, committed 2864K, reserved 1048576K
Event: 10.339 GC heap after
Heap after GC invocations=4 (full 0):
 PSYoungGen      total 104960K, used 6991K [0x0000000781900000, 0x0000000788700000, 0x00000007c0000000)
  eden space 97280K, 0% used [0x0000000781900000,0x0000000781900000,0x0000000787800000)
  from space 7680K, 91% used [0x0000000787f80000,0x0000000788653cb0,0x0000000788700000)
  to   space 7680K, 0% used [0x0000000787800000,0x0000000787800000,0x0000000787f80000)
 ParOldGen       total 128512K, used 40K [0x0000000704a00000, 0x000000070c780000, 0x0000000781900000)
  object space 128512K, 0% used [0x0000000704a00000,0x0000000704a0a000,0x000000070c780000)
 Metaspace       used 20329K, capacity 21248K, committed 21296K, reserved 1067008K
  class space    used 2620K, capacity 2862K, committed 2864K, reserved 1048576K
}
Event: 10.339 GC heap before
{Heap before GC invocations=5 (full 1):
 PSYoungGen      total 104960K, used 6991K [0x0000000781900000, 0x0000000788700000, 0x00000007c0000000)
  eden space 97280K, 0% used [0x0000000781900000,0x0000000781900000,0x0000000787800000)
  from space 7680K, 91% used [0x0000000787f80000,0x0000000788653cb0,0x0000000788700000)
  to   space 7680K, 0% used [0x0000000787800000,0x0000000787800000,0x0000000787f80000)
 ParOldGen       total 128512K, used 40K [0x0000000704a00000, 0x000000070c780000, 0x0000000781900000)
  object space 128512K, 0% used [0x0000000704a00000,0x0000000704a0a000,0x000000070c780000)
 Metaspace       used 20329K, capacity 21248K, committed 21296K, reserved 1067008K
  class space    used 2620K, capacity 2862K, committed 2864K, reserved 1048576K
Event: 10.466 GC heap after
Heap after GC invocations=5 (full 1):
 PSYoungGen      total 104960K, used 0K [0x0000000781900000, 0x0000000788700000, 0x00000007c0000000)
  eden space 97280K, 0% used [0x0000000781900000,0x0000000781900000,0x0000000787800000)
  from space 7680K, 0% used [0x0000000787f80000,0x0000000787f80000,0x0000000788700000)
  to   space 7680K, 0% used [0x0000000787800000,0x0000000787800000,0x0000000787f80000)
 ParOldGen       total 77312K, used 6757K [0x0000000704a00000, 0x0000000709580000, 0x0000000781900000)
  object space 77312K, 8% used [0x0000000704a00000,0x0000000705099418,0x0000000709580000)
 Metaspace       used 20329K, capacity 21248K, committed 21296K, reserved 1067008K
  class space    used 2620K, capacity 2862K, committed 2864K, reserved 1048576K
}
Event: 13.742 GC heap before
{Heap before GC invocations=6 (full 1):
 PSYoungGen      total 104960K, used 97280K [0x0000000781900000, 0x0000000788700000, 0x00000007c0000000)
  eden space 97280K, 100% used [0x0000000781900000,0x0000000787800000,0x0000000787800000)
  from space 7680K, 0% used [0x0000000787f80000,0x0000000787f80000,0x0000000788700000)
  to   space 7680K, 0% used [0x0000000787800000,0x0000000787800000,0x0000000787f80000)
 ParOldGen       total 77312K, used 6757K [0x0000000704a00000, 0x0000000709580000, 0x0000000781900000)
  object space 77312K, 8% used [0x0000000704a00000,0x0000000705099418,0x0000000709580000)
 Metaspace       used 26163K, capacity 27804K, committed 27824K, reserved 1073152K
  class space    used 3430K, capacity 3752K, committed 3760K, reserved 1048576K
Event: 13.773 GC heap after
Heap after GC invocations=6 (full 1):
 PSYoungGen      total 104960K, used 7665K [0x0000000781900000, 0x000000078bd80000, 0x00000007c0000000)
  eden space 97280K, 0% used [0x0000000781900000,0x0000000781900000,0x0000000787800000)
  from space 7680K, 99% used [0x0000000787800000,0x0000000787f7c7b8,0x0000000787f80000)
  to   space 9216K, 0% used [0x000000078b480000,0x000000078b480000,0x000000078bd80000)
 ParOldGen       total 77312K, used 7354K [0x0000000704a00000, 0x0000000709580000, 0x0000000781900000)
  object space 77312K, 9% used [0x0000000704a00000,0x000000070512eb50,0x0000000709580000)
 Metaspace       used 26163K, capacity 27804K, committed 27824K, reserved 1073152K
  class space    used 3430K, capacity 3752K, committed 3760K, reserved 1048576K
}

